<?xml version="1.0" encoding="UTF-8"?>
<!-- Generated by org.testng.reporters.JUnitReportReporter -->
<testsuite skipped="0" hostname="lt-vijay-kesav-mac" name="test.api_tests.BerryTests" tests="5" failures="0" timestamp="22 Sep 2019 18:58:16 GMT" time="5.612" errors="0">
  <testcase name="validate_the_count_of_flavors" time="2.515" classname="test.api_tests.BerryTests"/>
  <testcase name="validate_the_status_code_for_200" time="0.746" classname="test.api_tests.BerryTests"/>
  <testcase name="validate_the_value_of_key_id" time="0.692" classname="test.api_tests.BerryTests"/>
  <testcase name="validate_the_value_of_key_name" time="0.820" classname="test.api_tests.BerryTests"/>
  <testcase name="validate_the_value_of_key_firmness_url" time="0.839" classname="test.api_tests.BerryTests"/>
</testsuite> <!-- test.api_tests.BerryTests -->
